{"/run/media/natasha/Emerald/PROGRAMMING/Exercise Files/Javascript/ReactJS/FEM-Complete-Intro-to-React/practice/js/Search.jsx": {"path":"/run/media/natasha/Emerald/PROGRAMMING/Exercise Files/Javascript/ReactJS/FEM-Complete-Intro-to-React/practice/js/Search.jsx","statementMap":{"0":{"start":{"line":8,"column":8},"end":{"line":8,"column":20}},"1":{"start":{"line":9,"column":8},"end":{"line":11,"column":9}},"2":{"start":{"line":13,"column":8},"end":{"line":13,"column":76}},"3":{"start":{"line":16,"column":8},"end":{"line":16,"column":55}},"4":{"start":{"line":19,"column":8},"end":{"line":41,"column":9}},"5":{"start":{"line":34,"column":32},"end":{"line":36,"column":86}},"6":{"start":{"line":38,"column":37},"end":{"line":38,"column":77}}},"fnMap":{"0":{"name":"(anonymous_0)","decl":{"start":{"line":7,"column":4},"end":{"line":7,"column":5}},"loc":{"start":{"line":7,"column":23},"end":{"line":14,"column":5}},"line":7},"1":{"name":"(anonymous_1)","decl":{"start":{"line":15,"column":4},"end":{"line":15,"column":5}},"loc":{"start":{"line":15,"column":32},"end":{"line":17,"column":5}},"line":15},"2":{"name":"(anonymous_2)","decl":{"start":{"line":18,"column":4},"end":{"line":18,"column":5}},"loc":{"start":{"line":18,"column":13},"end":{"line":42,"column":5}},"line":18},"3":{"name":"(anonymous_3)","decl":{"start":{"line":33,"column":28},"end":{"line":33,"column":29}},"loc":{"start":{"line":34,"column":32},"end":{"line":36,"column":86}},"line":34},"4":{"name":"(anonymous_4)","decl":{"start":{"line":38,"column":29},"end":{"line":38,"column":30}},"loc":{"start":{"line":38,"column":37},"end":{"line":38,"column":77}},"line":38}},"branchMap":{},"s":{"0":3,"1":3,"2":3,"3":1,"4":4,"5":60,"6":47},"f":{"0":3,"1":1,"2":4,"3":60,"4":47},"b":{},"_coverageSchema":"332fd63041d2c1bcb487cc26dd0d5f7d97098a6c","hash":"1458bf9b41c0c2b4d13fbb98627631525cac1247"}
,"/run/media/natasha/Emerald/PROGRAMMING/Exercise Files/Javascript/ReactJS/FEM-Complete-Intro-to-React/practice/js/ShowCard.jsx": {"path":"/run/media/natasha/Emerald/PROGRAMMING/Exercise Files/Javascript/ReactJS/FEM-Complete-Intro-to-React/practice/js/ShowCard.jsx","statementMap":{"0":{"start":{"line":5,"column":16},"end":{"line":12,"column":1}},"1":{"start":{"line":13,"column":14},"end":{"line":17,"column":1}},"2":{"start":{"line":19,"column":17},"end":{"line":28,"column":1}},"3":{"start":{"line":20,"column":4},"end":{"line":27,"column":14}},"4":{"start":{"line":30,"column":0},"end":{"line":35,"column":1}}},"fnMap":{"0":{"name":"(anonymous_0)","decl":{"start":{"line":19,"column":17},"end":{"line":19,"column":18}},"loc":{"start":{"line":20,"column":4},"end":{"line":27,"column":14}},"line":20}},"branchMap":{},"s":{"0":1,"1":1,"2":1,"3":0,"4":1},"f":{"0":0},"b":{},"_coverageSchema":"332fd63041d2c1bcb487cc26dd0d5f7d97098a6c","hash":"cbb2804ea1cbfe4674c73734a1aeae27a35dec33"}
}
