TN:
SF:/run/media/natasha/Emerald/PROGRAMMING/Exercise Files/Javascript/ReactJS/FEM-Complete-Intro-to-React/practice/js/Search.jsx
FN:7,(anonymous_0)
FN:15,(anonymous_1)
FN:18,(anonymous_2)
FN:33,(anonymous_3)
FN:38,(anonymous_4)
FNF:5
FNH:5
FNDA:3,(anonymous_0)
FNDA:1,(anonymous_1)
FNDA:4,(anonymous_2)
FNDA:60,(anonymous_3)
FNDA:47,(anonymous_4)
DA:8,3
DA:9,3
DA:13,3
DA:16,1
DA:19,4
DA:34,60
DA:38,47
LF:7
LH:7
BRF:0
BRH:0
end_of_record
TN:
SF:/run/media/natasha/Emerald/PROGRAMMING/Exercise Files/Javascript/ReactJS/FEM-Complete-Intro-to-React/practice/js/ShowCard.jsx
FN:19,(anonymous_0)
FNF:1
FNH:0
FNDA:0,(anonymous_0)
DA:5,1
DA:13,1
DA:19,1
DA:20,0
DA:30,1
LF:5
LH:4
BRF:0
BRH:0
end_of_record
